--- TLP 1.6.1 --------------------------------------------

+++ Configured Settings:
defaults.conf L0006: TLP_ENABLE="1"
defaults.conf L0007: TLP_WARN_LEVEL="3"
defaults.conf L0008: TLP_PERSISTENT_DEFAULT="0"
defaults.conf L0009: DISK_IDLE_SECS_ON_AC="0"
defaults.conf L0010: DISK_IDLE_SECS_ON_BAT="2"
defaults.conf L0011: MAX_LOST_WORK_SECS_ON_AC="15"
defaults.conf L0012: MAX_LOST_WORK_SECS_ON_BAT="60"
defaults.conf L0013: CPU_ENERGY_PERF_POLICY_ON_AC="balance_performance"
defaults.conf L0014: CPU_ENERGY_PERF_POLICY_ON_BAT="balance_power"
defaults.conf L0015: NMI_WATCHDOG="0"
defaults.conf L0016: DISK_DEVICES="nvme0n1 sda"
defaults.conf L0017: DISK_APM_LEVEL_ON_AC="254 254"
defaults.conf L0018: DISK_APM_LEVEL_ON_BAT="128 128"
defaults.conf L0019: DISK_APM_CLASS_DENYLIST="usb ieee1394"
defaults.conf L0020: DISK_IOSCHED="keep keep"
defaults.conf L0021: SATA_LINKPWR_ON_AC="med_power_with_dipm"
defaults.conf L0022: SATA_LINKPWR_ON_BAT="med_power_with_dipm"
defaults.conf L0023: AHCI_RUNTIME_PM_ON_AC="on"
defaults.conf L0024: AHCI_RUNTIME_PM_ON_BAT="auto"
defaults.conf L0025: AHCI_RUNTIME_PM_TIMEOUT="15"
defaults.conf L0026: PCIE_ASPM_ON_AC="default"
defaults.conf L0027: PCIE_ASPM_ON_BAT="default"
defaults.conf L0028: RADEON_DPM_PERF_LEVEL_ON_AC="auto"
defaults.conf L0029: RADEON_DPM_PERF_LEVEL_ON_BAT="auto"
defaults.conf L0030: RADEON_POWER_PROFILE_ON_AC="default"
defaults.conf L0031: RADEON_POWER_PROFILE_ON_BAT="default"
defaults.conf L0032: WIFI_PWR_ON_AC="off"
defaults.conf L0033: WIFI_PWR_ON_BAT="on"
defaults.conf L0034: WOL_DISABLE="Y"
defaults.conf L0035: SOUND_POWER_SAVE_ON_AC="1"
defaults.conf L0036: SOUND_POWER_SAVE_ON_BAT="1"
defaults.conf L0037: SOUND_POWER_SAVE_CONTROLLER="Y"
defaults.conf L0038: BAY_POWEROFF_ON_AC="0"
defaults.conf L0039: BAY_POWEROFF_ON_BAT="0"
defaults.conf L0040: BAY_DEVICE="sr0"
defaults.conf L0041: RUNTIME_PM_ON_AC="on"
defaults.conf L0042: RUNTIME_PM_ON_BAT="auto"
defaults.conf L0043: RUNTIME_PM_DRIVER_DENYLIST="mei_me nouveau radeon"
defaults.conf L0044: USB_AUTOSUSPEND="1"
defaults.conf L0045: USB_EXCLUDE_AUDIO="1"
defaults.conf L0046: USB_EXCLUDE_BTUSB="0"
defaults.conf L0047: USB_EXCLUDE_PHONE="0"
defaults.conf L0048: USB_EXCLUDE_PRINTER="1"
defaults.conf L0049: USB_EXCLUDE_WWAN="0"
defaults.conf L0050: RESTORE_DEVICE_STATE_ON_STARTUP="0"
defaults.conf L0051: RESTORE_THRESHOLDS_ON_BAT="0"
defaults.conf L0052: NATACPI_ENABLE="1"
defaults.conf L0053: TPACPI_ENABLE="1"
defaults.conf L0054: TPSMAPI_ENABLE="1"
/etc/tlp.conf L0533: START_CHARGE_THRESH_BAT0="75"
/etc/tlp.conf L0535: STOP_CHARGE_THRESH_BAT0="1"

+++ System Info
System         = LENOVO IdeaPad 3 15ABA7 82RN
BIOS           = JTCN42WW
EC Firmware    = 1.42
OS Release     = Gentoo Linux
Kernel         = 6.6.47-gentoo-x86_64 #2 SMP PREEMPT_DYNAMIC Fri Sep  6 22:28:53 CEST 2024 x86_64
/proc/cmdline  = BOOT_IMAGE=/vmlinuz-6.6.47-gentoo-x86_64 root=/dev/nvme0n1p3 init=/init mitigations=off
Init system    = systemd 
Boot mode      = UEFI
Suspend mode   = s2idle [deep]

+++ TLP Status
State          = enabled
RDW state      = enabled
Last run       = 08:24:37, 1023 sec(s) ago
Mode           = AC
Power source   = AC

+++ Processor
CPU model      = AMD Ryzen 5 5625U with Radeon Graphics

/sys/devices/system/cpu/cpu0/cpufreq/scaling_driver    = amd-pstate-epp
/sys/devices/system/cpu/cpu0/cpufreq/scaling_governor  = powersave
/sys/devices/system/cpu/cpu0/cpufreq/scaling_available_governors = performance powersave
/sys/devices/system/cpu/cpu0/cpufreq/scaling_min_freq  =   400000 [kHz]
/sys/devices/system/cpu/cpu0/cpufreq/scaling_max_freq  =  4388000 [kHz]
/sys/devices/system/cpu/cpu0/cpufreq/cpuinfo_min_freq  =   400000 [kHz]
/sys/devices/system/cpu/cpu0/cpufreq/cpuinfo_max_freq  =  4388000 [kHz]
/sys/devices/system/cpu/cpu0/cpufreq/energy_performance_preference = balance_performance [EPP]
/sys/devices/system/cpu/cpu0/cpufreq/energy_performance_available_preferences = default performance balance_performance balance_power power 

/sys/devices/system/cpu/cpu1..cpu11: omitted for clarity, use -v to show all

/sys/devices/system/cpu/amd_pstate/status              = active
/sys/devices/system/cpu/amd_pstate/cppc_dynamic_boost  = (not available)
/sys/module/workqueue/parameters/power_efficient       = Y
/proc/sys/kernel/nmi_watchdog                          = 0

+++ Platform Profile
/sys/firmware/acpi/platform_profile                    = (not available)
/sys/firmware/acpi/platform_profile_choices            = (not available)

+++ Temperatures
Fan speed              = (not available)

+++ File System
/proc/sys/vm/laptop_mode               =     0
/proc/sys/vm/dirty_writeback_centisecs =  1500
/proc/sys/vm/dirty_expire_centisecs    =  1500
/proc/sys/vm/dirty_ratio               =    20
/proc/sys/vm/dirty_background_ratio    =    10

+++ Disks
Devices = nvme0n1 sda

/dev/nvme0n1:
  Type       = NVMe
  Disk ID    = nvme-ADATA_LEGEND_800_2N152LAGA9YR
  Model      = ADATA LEGEND 800                        
  Firmware   = V1122B0 
  Temp       = 50 °C
  Scheduler  = [none] mq-deadline kyber bfq (multi queue)

  Runtime PM:
    /sys/block/nvme0n1/device/power/control = on, autosuspend_delay_ms = (not available)

  SMART info:
    Critical Warning:                   0x00
    Temperature:                        50 Celsius
    Available Spare:                    100%
    Available Spare Threshold:          10%
    Percentage Used:                    2%
    Data Units Written:                 24,389,473 [12.4 TB]
    Power Cycles:                       701
    Power On Hours:                     7,431
    Unsafe Shutdowns:                   154
    Media and Data Integrity Errors:    0

/dev/sda: not present.

+++ AMD Radeon Graphics
/sys/class/drm/card0/device/driver                                = amdgpu

/sys/class/drm/card0/device/power_dpm_force_performance_level     = auto

+++ Wireless
bluetooth = on
nfc       = none (no device)
wifi      = on
wwan      = none (no device)

hci0(btusb)                   : bluetooth, not connected
wlan0(rtw89_8852be)           : wifi, not connected, power management = off

+++ Audio
/sys/module/snd_hda_intel/parameters/power_save            = 1
/sys/module/snd_hda_intel/parameters/power_save_controller = Y

+++ PCIe Active State Power Management
/sys/module/pcie_aspm/parameters/policy = [default] performance powersave powersupersave (using BIOS preferences)

+++ PCIe Runtime Power Management
Enable devices    = (disabled)
Disable devices   = (disabled)
Device denylist   = (disabled)
Driver denylist   = mei_me nouveau radeon

/sys/bus/pci/devices/0000:00:00.0/power/control = on   (0x060000, Host bridge, ryzen_smu)
/sys/bus/pci/devices/0000:00:00.2/power/control = on   (0x080600, IOMMU, no driver)
/sys/bus/pci/devices/0000:00:01.0/power/control = on   (0x060000, Host bridge, no driver)
/sys/bus/pci/devices/0000:00:02.0/power/control = on   (0x060000, Host bridge, no driver)
/sys/bus/pci/devices/0000:00:02.1/power/control = on   (0x060400, PCI bridge, pcieport)
/sys/bus/pci/devices/0000:00:02.2/power/control = on   (0x060400, PCI bridge, pcieport)
/sys/bus/pci/devices/0000:00:02.4/power/control = on   (0x060400, PCI bridge, pcieport)
/sys/bus/pci/devices/0000:00:08.0/power/control = on   (0x060000, Host bridge, no driver)
/sys/bus/pci/devices/0000:00:08.1/power/control = on   (0x060400, PCI bridge, pcieport)
/sys/bus/pci/devices/0000:00:08.2/power/control = on   (0x060400, PCI bridge, pcieport)
/sys/bus/pci/devices/0000:00:14.0/power/control = on   (0x0c0500, SMBus, piix4_smbus)
/sys/bus/pci/devices/0000:00:14.3/power/control = on   (0x060100, ISA bridge, no driver)
/sys/bus/pci/devices/0000:00:18.0/power/control = on   (0x060000, Host bridge, no driver)
/sys/bus/pci/devices/0000:00:18.1/power/control = on   (0x060000, Host bridge, no driver)
/sys/bus/pci/devices/0000:00:18.2/power/control = on   (0x060000, Host bridge, no driver)
/sys/bus/pci/devices/0000:00:18.3/power/control = on   (0x060000, Host bridge, k10temp)
/sys/bus/pci/devices/0000:00:18.4/power/control = on   (0x060000, Host bridge, no driver)
/sys/bus/pci/devices/0000:00:18.5/power/control = on   (0x060000, Host bridge, no driver)
/sys/bus/pci/devices/0000:00:18.6/power/control = on   (0x060000, Host bridge, no driver)
/sys/bus/pci/devices/0000:00:18.7/power/control = on   (0x060000, Host bridge, no driver)
/sys/bus/pci/devices/0000:01:00.0/power/control = on   (0x080501, SD Host controller, sdhci-pci)
/sys/bus/pci/devices/0000:02:00.0/power/control = on   (0x028000, Network controller, rtw89_8852be)
/sys/bus/pci/devices/0000:03:00.0/power/control = on   (0x010802, Non-Volatile memory controller, nvme)
/sys/bus/pci/devices/0000:04:00.0/power/control = on   (0x030000, VGA compatible controller, amdgpu)
/sys/bus/pci/devices/0000:04:00.1/power/control = on   (0x040300, Audio device, snd_hda_intel)
/sys/bus/pci/devices/0000:04:00.2/power/control = on   (0x108000, Encryption controller, ccp)
/sys/bus/pci/devices/0000:04:00.3/power/control = on   (0x0c0330, USB controller, xhci_hcd)
/sys/bus/pci/devices/0000:04:00.4/power/control = on   (0x0c0330, USB controller, xhci_hcd)
/sys/bus/pci/devices/0000:04:00.5/power/control = on   (0x048000, Multimedia controller, no driver)
/sys/bus/pci/devices/0000:04:00.6/power/control = on   (0x040300, Audio device, snd_hda_intel)
/sys/bus/pci/devices/0000:05:00.0/power/control = on   (0x010601, SATA controller, ahci)
/sys/bus/pci/devices/0000:05:00.1/power/control = on   (0x010601, SATA controller, ahci)

+++ USB
Autosuspend       = enabled
Device allowlist  = (not configured)
Device denylist   = (not configured)
Exclude audio     = enabled
Exclude bluetooth = disabled
Exclude phones    = disabled
Exclude printers  = enabled
Exclude WWAN      = disabled

Bus 001 Device 001 ID 1d6b:0002 control = auto, autosuspend_delay_ms =    0 -- Linux Foundation 2.0 root hub (hub)
Bus 001 Device 002 ID 04f2:b725 control = auto, autosuspend_delay_ms = 2000 -- Chicony Electronics Co., Ltd Integrated Camera (uvcvideo)
Bus 002 Device 001 ID 1d6b:0003 control = auto, autosuspend_delay_ms =    0 -- Linux Foundation 3.0 root hub (hub)
Bus 003 Device 001 ID 1d6b:0002 control = auto, autosuspend_delay_ms =    0 -- Linux Foundation 2.0 root hub (hub)
Bus 003 Device 002 ID 0bda:4853 control = auto, autosuspend_delay_ms = 2000 -- Realtek Semiconductor Corp. Bluetooth Radio (btusb)
Bus 004 Device 001 ID 1d6b:0003 control = auto, autosuspend_delay_ms =    0 -- Linux Foundation 3.0 root hub (hub)

+++ Battery Care
Plugin: lenovo
Supported features: charge threshold
Driver usage:
* vendor (ideapad_laptop) = active (charge threshold)
Parameter value range:
* STOP_CHARGE_THRESH_BAT0: 0(off), 1(on) -- battery conservation mode

/sys/bus/platform/drivers/ideapad_acpi/VPC2004:00/conservation_mode = 1 (60%)

+++ Battery Status: BAT0
/sys/class/power_supply/BAT0/manufacturer                   = Celxpert
/sys/class/power_supply/BAT0/model_name                     = L20C2PF0
/sys/class/power_supply/BAT0/cycle_count                    =    250
/sys/class/power_supply/BAT0/energy_full_design             =  38000 [mWh]
/sys/class/power_supply/BAT0/energy_full                    =  32810 [mWh]
/sys/class/power_supply/BAT0/energy_now                     =  25840 [mWh]
/sys/class/power_supply/BAT0/power_now                      =      0 [mW]
/sys/class/power_supply/BAT0/status                         = Not charging

Charge                                                      =   78.8 [%]
Capacity                                                    =   86.3 [%]

